<?xml version="1.0" encoding="UTF-8"?>
<!-- Generated by org.testng.reporters.JUnitReportReporter -->
<testsuite skipped="0" hostname="PunitRanjan2105" name="com.crmdomain_CrudwithoutBDD.UpdateProject" tests="1" failures="0" timestamp="2022-05-05T16:27:51 IST" time="3.492" errors="0">
  <testcase name="update" time="3.492" classname="com.crmdomain_CrudwithoutBDD.UpdateProject"/>
  <system-out/>
</testsuite> <!-- com.crmdomain_CrudwithoutBDD.UpdateProject -->
