<?xml version="1.0" encoding="UTF-8"?>
<!-- Generated by org.testng.reporters.JUnitReportReporter -->
<testsuite skipped="0" hostname="PunitRanjan2105" name="com.crudWithBDD.Delete" tests="1" failures="0" timestamp="2022-05-05T17:49:29 IST" time="2.810" errors="0">
  <testcase name="deleteProject" time="2.810" classname="com.crudWithBDD.Delete"/>
  <system-out/>
</testsuite> <!-- com.crudWithBDD.Delete -->
