<?xml version="1.0" encoding="UTF-8"?>
<!-- Generated by org.testng.reporters.JUnitReportReporter -->
<testsuite skipped="0" hostname="PunitRanjan2105" name="com.crudWithBDD.GetAllProject" tests="1" failures="0" timestamp="2022-05-05T17:45:29 IST" time="3.005" errors="0">
  <testcase name="getAllProject" time="3.005" classname="com.crudWithBDD.GetAllProject"/>
  <system-out/>
</testsuite> <!-- com.crudWithBDD.GetAllProject -->
