<?xml version="1.0" encoding="UTF-8"?>
<!-- Generated by org.testng.reporters.JUnitReportReporter -->
<testsuite skipped="0" hostname="PunitRanjan2105" name="com.crmdomain_CrudwithoutBDD.CreateProject1Test" tests="1" failures="0" timestamp="2022-05-06T07:26:24 IST" time="3.384" errors="0">
  <testcase name="create" time="3.384" classname="com.crmdomain_CrudwithoutBDD.CreateProject1Test"/>
  <system-out/>
</testsuite> <!-- com.crmdomain_CrudwithoutBDD.CreateProject1Test -->
