<?xml version="1.0" encoding="UTF-8"?>
<!-- Generated by org.testng.reporters.JUnitReportReporter -->
<testsuite skipped="0" hostname="PunitRanjan2105" name="com.crmdomain_CrudwithoutBDD.FetchTheproject" tests="1" failures="0" timestamp="2022-05-05T15:45:29 IST" time="3.204" errors="0">
  <testcase name="getProject" time="3.204" classname="com.crmdomain_CrudwithoutBDD.FetchTheproject"/>
  <system-out/>
</testsuite> <!-- com.crmdomain_CrudwithoutBDD.FetchTheproject -->
