<?xml version="1.0" encoding="UTF-8"?>
<!-- Generated by org.testng.reporters.JUnitReportReporter -->
<testsuite skipped="0" hostname="PunitRanjan2105" name="com.crudWithBDD.CreateProject" tests="1" failures="0" timestamp="2022-05-05T17:40:54 IST" time="3.569" errors="0">
  <testcase name="create" time="3.569" classname="com.crudWithBDD.CreateProject"/>
  <system-out/>
</testsuite> <!-- com.crudWithBDD.CreateProject -->
