<?xml version="1.0" encoding="UTF-8"?>
<!-- Generated by org.testng.reporters.JUnitReportReporter -->
<testsuite skipped="0" hostname="PunitRanjan2105" name="com.crudWithBDD.CreateProject1BDDTest" tests="1" failures="0" timestamp="2022-05-06T07:47:37 IST" time="3.954" errors="0">
  <testcase name="create" time="3.954" classname="com.crudWithBDD.CreateProject1BDDTest"/>
  <system-out/>
</testsuite> <!-- com.crudWithBDD.CreateProject1BDDTest -->
