<?xml version="1.0" encoding="UTF-8"?>
<!-- Generated by org.testng.reporters.JUnitReportReporter -->
<testsuite skipped="0" hostname="PunitRanjan2105" name="com.crudWithBDD.CreateProject1BDDTest" tests="1" failures="0" timestamp="2022-05-09T12:49:02 IST" time="5.159" errors="0">
  <testcase name="create" time="5.159" classname="com.crudWithBDD.CreateProject1BDDTest"/>
  <system-out/>
</testsuite> <!-- com.crudWithBDD.CreateProject1BDDTest -->
