<?xml version="1.0" encoding="UTF-8"?>
<!-- Generated by org.testng.reporters.JUnitReportReporter -->
<testsuite skipped="0" hostname="PunitRanjan2105" name="com.crudWithBDD.CreateRequestPojo" tests="2" failures="0" timestamp="2022-05-10T13:13:06 IST" time="4.772" errors="0">
  <testcase name="sendrequest" time="4.120" classname="com.crudWithBDD.CreateRequestPojo"/>
  <system-out/>
  <testcase name="sendrequest" time="0.652" classname="com.crudWithBDD.CreateRequestPojo"/>
  <system-out/>
</testsuite> <!-- com.crudWithBDD.CreateRequestPojo -->
