<?xml version="1.0" encoding="UTF-8"?>
<!-- Generated by org.testng.reporters.JUnitReportReporter -->
<testsuite skipped="0" hostname="PunitRanjan2105" name="com.crmdomain_CrudwithoutBDD.CreateProjectTest" tests="1" failures="0" timestamp="2022-05-05T16:24:28 IST" time="3.402" errors="0">
  <testcase name="createProject" time="3.402" classname="com.crmdomain_CrudwithoutBDD.CreateProjectTest"/>
  <system-out/>
</testsuite> <!-- com.crmdomain_CrudwithoutBDD.CreateProjectTest -->
