<?xml version="1.0" encoding="UTF-8"?>
<!-- Generated by org.testng.reporters.JUnitReportReporter -->
<testsuite skipped="0" hostname="PunitRanjan2105" name="com.crudWithBDD.Updateproject" tests="1" failures="0" timestamp="2022-05-05T17:55:46 IST" time="3.312" errors="0">
  <testcase name="update" time="3.312" classname="com.crudWithBDD.Updateproject"/>
  <system-out/>
</testsuite> <!-- com.crudWithBDD.Updateproject -->
