<?xml version="1.0" encoding="UTF-8"?>
<!-- Generated by org.testng.reporters.JUnitReportReporter -->
<testsuite skipped="0" hostname="PunitRanjan2105" name="com.crmdomain_CrudwithoutBDD.Deleteproject" tests="1" failures="0" timestamp="2022-05-05T15:25:14 IST" time="3.460" errors="0">
  <testcase name="deleteproject" time="3.460" classname="com.crmdomain_CrudwithoutBDD.Deleteproject"/>
  <system-out/>
</testsuite> <!-- com.crmdomain_CrudwithoutBDD.Deleteproject -->
